[2025-11-26--10-58-49 INFO actix_server::builder] starting 5 workers
[2025-11-26--10-58-49 INFO actix_server::server] Tokio runtime found; starting in existing Tokio runtime
[2025-11-26--10-58-49 INFO actix_server::server] starting service: "actix-web-service-127.0.0.1:18488", workers: 5, listening on: 127.0.0.1:18488
[2025-11-26--10-58-50 INFO parity_ws] Listening for new connections on 127.0.0.1:8900.
[2025-11-26--10-59-25 INFO parity_ws::io] Accepted a new tcp connection from 127.0.0.1:34364.
[2025-11-26--11-00-04 INFO parity_ws::io] Accepted a new tcp connection from 127.0.0.1:58118.
[2025-11-26--11-00-33 INFO parity_ws::io] Accepted a new tcp connection from 127.0.0.1:37344.
[2025-11-26--11-00-34 ERROR litesvm] Program account 72QBU1YZFKUf1HwJE9vetuiZKaWtVS6KagE6p9WBQkjk is not executable.
[2025-11-26--11-00-34 ERROR litesvm] Program account 72QBU1YZFKUf1HwJE9vetuiZKaWtVS6KagE6p9WBQkjk is not executable.
[2025-11-26--11-00-34 ERROR litesvm] Program account 72QBU1YZFKUf1HwJE9vetuiZKaWtVS6KagE6p9WBQkjk is not executable.
[2025-11-26--11-00-34 ERROR litesvm] Program account 72QBU1YZFKUf1HwJE9vetuiZKaWtVS6KagE6p9WBQkjk is not executable.
[2025-11-26--11-00-35 ERROR litesvm] Program account 72QBU1YZFKUf1HwJE9vetuiZKaWtVS6KagE6p9WBQkjk is not executable.
[2025-11-26--11-00-35 ERROR litesvm] Program account 72QBU1YZFKUf1HwJE9vetuiZKaWtVS6KagE6p9WBQkjk is not executable.
[2025-11-26--11-01-12 ERROR litesvm] Program account 72QBU1YZFKUf1HwJE9vetuiZKaWtVS6KagE6p9WBQkjk is not executable.
[2025-11-26--11-01-12 ERROR litesvm] Program account 72QBU1YZFKUf1HwJE9vetuiZKaWtVS6KagE6p9WBQkjk is not executable.
[2025-11-26--11-01-12 ERROR litesvm] Program account 72QBU1YZFKUf1HwJE9vetuiZKaWtVS6KagE6p9WBQkjk is not executable.
[2025-11-26--11-01-12 ERROR litesvm] Program account 72QBU1YZFKUf1HwJE9vetuiZKaWtVS6KagE6p9WBQkjk is not executable.
[2025-11-26--11-01-13 ERROR litesvm] Program account 72QBU1YZFKUf1HwJE9vetuiZKaWtVS6KagE6p9WBQkjk is not executable.
[2025-11-26--11-01-13 ERROR litesvm] Program account 72QBU1YZFKUf1HwJE9vetuiZKaWtVS6KagE6p9WBQkjk is not executable.
[2025-11-26--11-01-55 ERROR litesvm] Program account 72QBU1YZFKUf1HwJE9vetuiZKaWtVS6KagE6p9WBQkjk is not executable.
[2025-11-26--11-01-55 ERROR litesvm] Program account 72QBU1YZFKUf1HwJE9vetuiZKaWtVS6KagE6p9WBQkjk is not executable.
[2025-11-26--11-01-55 ERROR litesvm] Program account 72QBU1YZFKUf1HwJE9vetuiZKaWtVS6KagE6p9WBQkjk is not executable.
[2025-11-26--11-01-55 ERROR litesvm] Program account 72QBU1YZFKUf1HwJE9vetuiZKaWtVS6KagE6p9WBQkjk is not executable.
[2025-11-26--11-01-57 ERROR litesvm] Program account 72QBU1YZFKUf1HwJE9vetuiZKaWtVS6KagE6p9WBQkjk is not executable.
[2025-11-26--11-01-57 ERROR litesvm] Program account 72QBU1YZFKUf1HwJE9vetuiZKaWtVS6KagE6p9WBQkjk is not executable.
[2025-11-26--11-02-51 INFO actix_server::worker] shutting down idle worker
[2025-11-26--11-02-51 INFO actix_server::worker] shutting down idle worker
[2025-11-26--11-02-51 INFO actix_server::worker] shutting down idle worker
[2025-11-26--11-02-51 INFO actix_server::worker] shutting down idle worker
[2025-11-26--11-02-51 INFO actix_server::worker] shutting down idle worker
[2025-11-26--11-02-51 INFO actix_server::accept] accept thread stopped
